<?xml version="1.0" encoding="UTF-8"?>
<robot generator="Robot 6.1.1 (Python 3.11.4 on win32)" generated="20240417 10:56:59.392" rpa="false" schemaversion="4">
<suite id="s1" name="Testcase" source="C:\Users\Admin\PycharmProjects\pythonProject\Automation\Testcase">
<suite id="s1-s1" name="Tabbedwindow" source="C:\Users\Admin\PycharmProjects\pythonProject\Automation\Testcase\tabbedwindow.robot">
<test id="s1-s1-t1" name="Tabbedtowindows" line="5">
<kw name="Open Browser" library="SeleniumLibrary">
<arg>https://demo.automationtesting.in/Windows.html</arg>
<arg>chrome</arg>
<doc>Opens a new browser instance to the optional ``url``.</doc>
<msg timestamp="20240417 10:57:00.433" level="INFO">Opening browser 'chrome' to base url 'https://demo.automationtesting.in/Windows.html'.</msg>
<status status="PASS" starttime="20240417 10:57:00.430" endtime="20240417 10:57:38.874"/>
</kw>
<kw name="Click Element" library="SeleniumLibrary">
<arg>xpath:(//a[@target='_blank'])[1]</arg>
<doc>Click the element identified by ``locator``.</doc>
<msg timestamp="20240417 10:57:38.876" level="INFO">Clicking element 'xpath:(//a[@target='_blank'])[1]'.</msg>
<status status="PASS" starttime="20240417 10:57:38.875" endtime="20240417 10:57:40.383"/>
</kw>
<kw name="Sleep" library="BuiltIn">
<arg>5</arg>
<doc>Pauses the test executed for the given time.</doc>
<msg timestamp="20240417 10:57:45.384" level="INFO">Slept 5 seconds</msg>
<status status="PASS" starttime="20240417 10:57:40.383" endtime="20240417 10:57:45.384"/>
</kw>
<kw name="Switch Window" library="SeleniumLibrary">
<arg>title=Selenium</arg>
<doc>Switches to browser window matching ``locator``.</doc>
<status status="PASS" starttime="20240417 10:57:45.384" endtime="20240417 10:57:59.295"/>
</kw>
<kw name="Click Element" library="SeleniumLibrary">
<arg>xpath:(//a[@class='nav-link'])[2]</arg>
<doc>Click the element identified by ``locator``.</doc>
<msg timestamp="20240417 10:57:59.295" level="INFO">Clicking element 'xpath:(//a[@class='nav-link'])[2]'.</msg>
<status status="PASS" starttime="20240417 10:57:59.295" endtime="20240417 10:58:01.871"/>
</kw>
<kw name="Sleep" library="BuiltIn">
<arg>5</arg>
<doc>Pauses the test executed for the given time.</doc>
<msg timestamp="20240417 10:58:06.874" level="INFO">Slept 5 seconds</msg>
<status status="PASS" starttime="20240417 10:58:01.873" endtime="20240417 10:58:06.874"/>
</kw>
<status status="PASS" starttime="20240417 10:57:00.426" endtime="20240417 10:58:06.874"/>
</test>
<status status="PASS" starttime="20240417 10:56:59.558" endtime="20240417 10:58:06.874"/>
</suite>
<status status="PASS" starttime="20240417 10:56:59.429" endtime="20240417 10:58:06.879"/>
</suite>
<statistics>
<total>
<stat pass="1" fail="0" skip="0">All Tests</stat>
</total>
<tag>
</tag>
<suite>
<stat pass="1" fail="0" skip="0" id="s1" name="Testcase">Testcase</stat>
<stat pass="1" fail="0" skip="0" id="s1-s1" name="Tabbedwindow">Testcase.Tabbedwindow</stat>
</suite>
</statistics>
<errors>
<msg timestamp="20240417 10:56:59.425" level="ERROR">Taking listener 'RobotStackTracer' into use failed: Importing listener 'RobotStackTracer' failed: ModuleNotFoundError: No module named 'RobotStackTracer'
Traceback (most recent call last):
  None
PYTHONPATH:
  C:\Users\Admin\PycharmProjects\pythonProject\Automation\venv\Scripts\robot.exe
  C:\Users\Admin\AppData\Local\Programs\Python\Python311\python311.zip
  C:\Users\Admin\AppData\Local\Programs\Python\Python311\DLLs
  C:\Users\Admin\AppData\Local\Programs\Python\Python311\Lib
  C:\Users\Admin\AppData\Local\Programs\Python\Python311
  C:\Users\Admin\PycharmProjects\pythonProject\Automation\venv
  C:\Users\Admin\PycharmProjects\pythonProject\Automation\venv\Lib\site-packages</msg>
</errors>
</robot>
