<?xml version="1.0" encoding="UTF-8"?>
<robot generator="Robot 6.1.1 (Python 3.11.4 on win32)" generated="20240417 10:55:25.930" rpa="false" schemaversion="4">
<suite id="s1" name="Testcase" source="C:\Users\Admin\PycharmProjects\pythonProject\Automation\Testcase">
<suite id="s1-s1" name="Alert" source="C:\Users\Admin\PycharmProjects\pythonProject\Automation\Testcase\alert.robot">
<test id="s1-s1-t1" name="alerts" line="8">
<kw name="Open Browser" library="SeleniumLibrary">
<arg>https://testautomationpractice.blogspot.com/</arg>
<arg>chrome</arg>
<doc>Opens a new browser instance to the optional ``url``.</doc>
<msg timestamp="20240417 10:55:27.437" level="INFO">Opening browser 'chrome' to base url 'https://testautomationpractice.blogspot.com/'.</msg>
<status status="PASS" starttime="20240417 10:55:27.437" endtime="20240417 10:55:51.418"/>
</kw>
<kw name="Maximize Browser Window" library="SeleniumLibrary">
<doc>Maximizes current browser window.</doc>
<status status="PASS" starttime="20240417 10:55:51.421" endtime="20240417 10:56:25.283"/>
</kw>
<kw name="Click Element" library="SeleniumLibrary">
<arg>//button[text()='Alert']</arg>
<doc>Click the element identified by ``locator``.</doc>
<msg timestamp="20240417 10:56:25.289" level="INFO">Clicking element '//button[text()='Alert']'.</msg>
<status status="PASS" starttime="20240417 10:56:25.286" endtime="20240417 10:56:26.226"/>
</kw>
<kw name="Sleep" library="BuiltIn">
<arg>5</arg>
<doc>Pauses the test executed for the given time.</doc>
<msg timestamp="20240417 10:56:31.227" level="INFO">Slept 5 seconds</msg>
<status status="PASS" starttime="20240417 10:56:26.226" endtime="20240417 10:56:31.227"/>
</kw>
<kw name="Handle Alert" library="SeleniumLibrary">
<arg>leave</arg>
<doc>Handles the current alert and returns its message.</doc>
<msg timestamp="20240417 10:56:31.227" level="INFO">HANDLE::&lt;class 'NoneType'&gt;::None</msg>
<status status="PASS" starttime="20240417 10:56:31.227" endtime="20240417 10:56:31.283"/>
</kw>
<status status="PASS" starttime="20240417 10:55:27.437" endtime="20240417 10:56:31.285"/>
</test>
<status status="PASS" starttime="20240417 10:55:26.034" endtime="20240417 10:56:31.290"/>
</suite>
<status status="PASS" starttime="20240417 10:55:25.930" endtime="20240417 10:56:31.318"/>
</suite>
<statistics>
<total>
<stat pass="1" fail="0" skip="0">All Tests</stat>
</total>
<tag>
</tag>
<suite>
<stat pass="1" fail="0" skip="0" id="s1" name="Testcase">Testcase</stat>
<stat pass="1" fail="0" skip="0" id="s1-s1" name="Alert">Testcase.Alert</stat>
</suite>
</statistics>
<errors>
<msg timestamp="20240417 10:55:25.930" level="ERROR">Taking listener 'RobotStackTracer' into use failed: Importing listener 'RobotStackTracer' failed: ModuleNotFoundError: No module named 'RobotStackTracer'
Traceback (most recent call last):
  None
PYTHONPATH:
  C:\Users\Admin\PycharmProjects\pythonProject\Automation\venv\Scripts\robot.exe
  C:\Users\Admin\AppData\Local\Programs\Python\Python311\python311.zip
  C:\Users\Admin\AppData\Local\Programs\Python\Python311\DLLs
  C:\Users\Admin\AppData\Local\Programs\Python\Python311\Lib
  C:\Users\Admin\AppData\Local\Programs\Python\Python311
  C:\Users\Admin\PycharmProjects\pythonProject\Automation\venv
  C:\Users\Admin\PycharmProjects\pythonProject\Automation\venv\Lib\site-packages</msg>
</errors>
</robot>
