<?xml version="1.0" encoding="UTF-8"?>
<robot generator="Robot 6.1.1 (Python 3.11.4 on win32)" generated="20240417 10:55:25.930" rpa="false" schemaversion="4">
<suite id="s1" name="Testcase" source="C:\Users\Admin\PycharmProjects\pythonProject\Automation\Testcase">
<suite id="s1-s1" name="Closebrowser" source="C:\Users\Admin\PycharmProjects\pythonProject\Automation\Testcase\closebrowser.robot">
<test id="s1-s1-t1" name="Closingbrowser" line="9">
<kw name="Open Browser" library="SeleniumLibrary">
<arg>https://cosmocode.io/automation-practice-webtable/</arg>
<arg>chrome</arg>
<doc>Opens a new browser instance to the optional ``url``.</doc>
<msg timestamp="20240417 10:55:27.447" level="INFO">Opening browser 'chrome' to base url 'https://cosmocode.io/automation-practice-webtable/'.</msg>
<status status="PASS" starttime="20240417 10:55:27.445" endtime="20240417 10:55:54.693"/>
</kw>
<kw name="Maximize Browser Window" library="SeleniumLibrary">
<doc>Maximizes current browser window.</doc>
<status status="PASS" starttime="20240417 10:55:54.693" endtime="20240417 10:57:02.895"/>
</kw>
<kw name="Open Browser" library="SeleniumLibrary">
<arg>https://practice.automationtesting.in/</arg>
<arg>chrome</arg>
<doc>Opens a new browser instance to the optional ``url``.</doc>
<msg timestamp="20240417 10:57:02.895" level="INFO">Opening browser 'chrome' to base url 'https://practice.automationtesting.in/'.</msg>
<status status="PASS" starttime="20240417 10:57:02.895" endtime="20240417 10:57:17.387"/>
</kw>
<kw name="Maximize Browser Window" library="SeleniumLibrary">
<doc>Maximizes current browser window.</doc>
<status status="PASS" starttime="20240417 10:57:17.387" endtime="20240417 10:57:58.770"/>
</kw>
<kw name="Close All Browsers" library="SeleniumLibrary">
<doc>Closes all open browsers and resets the browser cache.</doc>
<status status="PASS" starttime="20240417 10:57:58.771" endtime="20240417 10:58:11.613"/>
</kw>
<status status="PASS" starttime="20240417 10:55:27.437" endtime="20240417 10:58:11.613"/>
</test>
<status status="PASS" starttime="20240417 10:55:26.034" endtime="20240417 10:58:11.620"/>
</suite>
<status status="PASS" starttime="20240417 10:55:25.939" endtime="20240417 10:58:11.629"/>
</suite>
<statistics>
<total>
<stat pass="1" fail="0" skip="0">All Tests</stat>
</total>
<tag>
</tag>
<suite>
<stat pass="1" fail="0" skip="0" id="s1" name="Testcase">Testcase</stat>
<stat pass="1" fail="0" skip="0" id="s1-s1" name="Closebrowser">Testcase.Closebrowser</stat>
</suite>
</statistics>
<errors>
<msg timestamp="20240417 10:55:25.930" level="ERROR">Taking listener 'RobotStackTracer' into use failed: Importing listener 'RobotStackTracer' failed: ModuleNotFoundError: No module named 'RobotStackTracer'
Traceback (most recent call last):
  None
PYTHONPATH:
  C:\Users\Admin\PycharmProjects\pythonProject\Automation\venv\Scripts\robot.exe
  C:\Users\Admin\AppData\Local\Programs\Python\Python311\python311.zip
  C:\Users\Admin\AppData\Local\Programs\Python\Python311\DLLs
  C:\Users\Admin\AppData\Local\Programs\Python\Python311\Lib
  C:\Users\Admin\AppData\Local\Programs\Python\Python311
  C:\Users\Admin\PycharmProjects\pythonProject\Automation\venv
  C:\Users\Admin\PycharmProjects\pythonProject\Automation\venv\Lib\site-packages</msg>
</errors>
</robot>
