<?xml version="1.0" encoding="UTF-8"?>
<robot generator="Robot 6.1.1 (Python 3.11.4 on win32)" generated="20240417 10:55:25.954" rpa="false" schemaversion="4">
<suite id="s1" name="Testcase" source="C:\Users\Admin\PycharmProjects\pythonProject\Automation\Testcase">
<suite id="s1-s1" name="Date" source="C:\Users\Admin\PycharmProjects\pythonProject\Automation\Testcase\date.robot">
<test id="s1-s1-t1" name="datetest" line="6">
<kw name="Open Browser" library="SeleniumLibrary">
<arg>https://www.facebook.com/</arg>
<arg>chrome</arg>
<doc>Opens a new browser instance to the optional ``url``.</doc>
<msg timestamp="20240417 10:55:27.468" level="INFO">Opening browser 'chrome' to base url 'https://www.facebook.com/'.</msg>
<status status="PASS" starttime="20240417 10:55:27.458" endtime="20240417 10:56:13.539"/>
</kw>
<kw name="Maximize Browser Window" library="SeleniumLibrary">
<doc>Maximizes current browser window.</doc>
<status status="PASS" starttime="20240417 10:56:13.539" endtime="20240417 10:56:14.612"/>
</kw>
<kw name="Set Selenium Speed" library="SeleniumLibrary">
<arg>1</arg>
<doc>Sets the delay that is waited after each Selenium command.</doc>
<status status="PASS" starttime="20240417 10:56:14.612" endtime="20240417 10:56:14.612"/>
</kw>
<kw name="Click Element" library="SeleniumLibrary">
<arg>xpath://a[@class='_42ft _4jy0 _6lti _4jy6 _4jy2 selected _51sy']</arg>
<doc>Click the element identified by ``locator``.</doc>
<msg timestamp="20240417 10:56:14.621" level="INFO">Clicking element 'xpath://a[@class='_42ft _4jy0 _6lti _4jy6 _4jy2 selected _51sy']'.</msg>
<status status="PASS" starttime="20240417 10:56:14.612" endtime="20240417 10:56:18.435"/>
</kw>
<kw name="Select From List By Label" library="SeleniumLibrary">
<arg>id:year</arg>
<arg>1997</arg>
<doc>Selects options from selection list ``locator`` by ``labels``.</doc>
<msg timestamp="20240417 10:56:18.438" level="INFO">Selecting options from selection list 'id:year' by label 1997.</msg>
<msg timestamp="20240417 10:56:20.994" level="INFO" html="true">&lt;/td&gt;&lt;/tr&gt;&lt;tr&gt;&lt;td colspan="3"&gt;&lt;a href="selenium-screenshot-1.png"&gt;&lt;img src="selenium-screenshot-1.png" width="800px"&gt;&lt;/a&gt;</msg>
<msg timestamp="20240417 10:56:20.994" level="FAIL">List with locator 'id:year' not found.</msg>
<status status="FAIL" starttime="20240417 10:56:18.437" endtime="20240417 10:56:21.011"/>
</kw>
<kw name="Select From List By Label" library="SeleniumLibrary">
<arg>id:month</arg>
<arg>Aug</arg>
<doc>Selects options from selection list ``locator`` by ``labels``.</doc>
<status status="NOT RUN" starttime="20240417 10:56:21.013" endtime="20240417 10:56:21.013"/>
</kw>
<kw name="Select From List By Label" library="SeleniumLibrary">
<arg>id:day</arg>
<arg>1</arg>
<doc>Selects options from selection list ``locator`` by ``labels``.</doc>
<status status="NOT RUN" starttime="20240417 10:56:21.013" endtime="20240417 10:56:21.013"/>
</kw>
<status status="FAIL" starttime="20240417 10:55:27.456" endtime="20240417 10:56:21.013">List with locator 'id:year' not found.</status>
</test>
<status status="FAIL" starttime="20240417 10:55:26.043" endtime="20240417 10:56:21.021"/>
</suite>
<status status="FAIL" starttime="20240417 10:55:25.965" endtime="20240417 10:56:21.021"/>
</suite>
<statistics>
<total>
<stat pass="0" fail="1" skip="0">All Tests</stat>
</total>
<tag>
</tag>
<suite>
<stat pass="0" fail="1" skip="0" id="s1" name="Testcase">Testcase</stat>
<stat pass="0" fail="1" skip="0" id="s1-s1" name="Date">Testcase.Date</stat>
</suite>
</statistics>
<errors>
<msg timestamp="20240417 10:55:25.959" level="ERROR">Taking listener 'RobotStackTracer' into use failed: Importing listener 'RobotStackTracer' failed: ModuleNotFoundError: No module named 'RobotStackTracer'
Traceback (most recent call last):
  None
PYTHONPATH:
  C:\Users\Admin\PycharmProjects\pythonProject\Automation\venv\Scripts\robot.exe
  C:\Users\Admin\AppData\Local\Programs\Python\Python311\python311.zip
  C:\Users\Admin\AppData\Local\Programs\Python\Python311\DLLs
  C:\Users\Admin\AppData\Local\Programs\Python\Python311\Lib
  C:\Users\Admin\AppData\Local\Programs\Python\Python311
  C:\Users\Admin\PycharmProjects\pythonProject\Automation\venv
  C:\Users\Admin\PycharmProjects\pythonProject\Automation\venv\Lib\site-packages</msg>
</errors>
</robot>
