<?xml version="1.0" encoding="UTF-8"?>
<robot generator="Robot 6.1.1 (Python 3.11.4 on win32)" generated="20240417 10:56:24.514" rpa="false" schemaversion="4">
<suite id="s1" name="Testcase" source="C:\Users\Admin\PycharmProjects\pythonProject\Automation\Testcase">
<suite id="s1-s1" name="Input" source="C:\Users\Admin\PycharmProjects\pythonProject\Automation\Testcase\input.robot">
<test id="s1-s1-t1" name="Inputboxtesting" line="10">
<kw name="Open Browser" library="SeleniumLibrary">
<arg>${url}</arg>
<arg>${baseurl}</arg>
<doc>Opens a new browser instance to the optional ``url``.</doc>
<msg timestamp="20240417 10:56:25.551" level="INFO">Opening browser 'chrome' to base url 'https://demo.nopcommerce.com/'.</msg>
<status status="PASS" starttime="20240417 10:56:25.546" endtime="20240417 10:56:36.766"/>
</kw>
<kw name="Maximize Browser Window" library="SeleniumLibrary">
<doc>Maximizes current browser window.</doc>
<status status="PASS" starttime="20240417 10:56:36.771" endtime="20240417 10:56:37.276"/>
</kw>
<kw name="Title Should Be" library="SeleniumLibrary">
<arg>nopCommerce demo store</arg>
<doc>Verifies that the current page title equals ``title``.</doc>
<msg timestamp="20240417 10:56:37.396" level="INFO">Page title is 'nopCommerce demo store'.</msg>
<status status="PASS" starttime="20240417 10:56:37.276" endtime="20240417 10:56:37.396"/>
</kw>
<kw name="Click Link" library="SeleniumLibrary">
<arg>xpath://a[@class='ico-login']</arg>
<doc>Clicks a link identified by ``locator``.</doc>
<msg timestamp="20240417 10:56:37.401" level="INFO">Clicking link 'xpath://a[@class='ico-login']'.</msg>
<status status="PASS" starttime="20240417 10:56:37.399" endtime="20240417 10:56:40.743"/>
</kw>
<kw name="Set Variable" library="BuiltIn">
<var>${email}</var>
<arg>id:Email</arg>
<doc>Returns the given values which can then be assigned to a variables.</doc>
<msg timestamp="20240417 10:56:40.745" level="INFO">${email} = id:Email</msg>
<status status="PASS" starttime="20240417 10:56:40.743" endtime="20240417 10:56:40.746"/>
</kw>
<kw name="Element Should Be Enabled" library="SeleniumLibrary">
<arg>${email}</arg>
<doc>Verifies that element identified by ``locator`` is enabled.</doc>
<status status="PASS" starttime="20240417 10:56:40.748" endtime="20240417 10:56:41.567"/>
</kw>
<kw name="Element Should Be Visible" library="SeleniumLibrary">
<arg>${email}</arg>
<doc>Verifies that the element identified by ``locator`` is visible.</doc>
<msg timestamp="20240417 10:56:41.749" level="INFO">Element 'id:Email' is displayed.</msg>
<status status="PASS" starttime="20240417 10:56:41.568" endtime="20240417 10:56:41.749"/>
</kw>
<kw name="Input Text" library="SeleniumLibrary">
<arg>id:Email</arg>
<arg>rakeshchandrasekhar74@gmail.com</arg>
<doc>Types the given ``text`` into the text field identified by ``locator``.</doc>
<msg timestamp="20240417 10:56:41.752" level="INFO">Typing text 'rakeshchandrasekhar74@gmail.com' into text field 'id:Email'.</msg>
<status status="PASS" starttime="20240417 10:56:41.749" endtime="20240417 10:56:44.025"/>
</kw>
<kw name="Sleep" library="BuiltIn">
<arg>5</arg>
<doc>Pauses the test executed for the given time.</doc>
<msg timestamp="20240417 10:56:49.030" level="INFO">Slept 5 seconds</msg>
<status status="PASS" starttime="20240417 10:56:44.027" endtime="20240417 10:56:49.030"/>
</kw>
<kw name="Clear Element Text" library="SeleniumLibrary">
<arg>${email}</arg>
<doc>Clears the value of the text-input-element identified by ``locator``.</doc>
<status status="PASS" starttime="20240417 10:56:49.030" endtime="20240417 10:56:49.366"/>
</kw>
<kw name="Sleep" library="BuiltIn">
<arg>5</arg>
<doc>Pauses the test executed for the given time.</doc>
<msg timestamp="20240417 10:56:54.369" level="INFO">Slept 5 seconds</msg>
<status status="PASS" starttime="20240417 10:56:49.366" endtime="20240417 10:56:54.370"/>
</kw>
<status status="PASS" starttime="20240417 10:56:25.546" endtime="20240417 10:56:54.371"/>
</test>
<status status="PASS" starttime="20240417 10:56:24.602" endtime="20240417 10:56:54.374"/>
</suite>
<status status="PASS" starttime="20240417 10:56:24.523" endtime="20240417 10:56:54.379"/>
</suite>
<statistics>
<total>
<stat pass="1" fail="0" skip="0">All Tests</stat>
</total>
<tag>
</tag>
<suite>
<stat pass="1" fail="0" skip="0" id="s1" name="Testcase">Testcase</stat>
<stat pass="1" fail="0" skip="0" id="s1-s1" name="Input">Testcase.Input</stat>
</suite>
</statistics>
<errors>
<msg timestamp="20240417 10:56:24.514" level="ERROR">Taking listener 'RobotStackTracer' into use failed: Importing listener 'RobotStackTracer' failed: ModuleNotFoundError: No module named 'RobotStackTracer'
Traceback (most recent call last):
  None
PYTHONPATH:
  C:\Users\Admin\PycharmProjects\pythonProject\Automation\venv\Scripts\robot.exe
  C:\Users\Admin\AppData\Local\Programs\Python\Python311\python311.zip
  C:\Users\Admin\AppData\Local\Programs\Python\Python311\DLLs
  C:\Users\Admin\AppData\Local\Programs\Python\Python311\Lib
  C:\Users\Admin\AppData\Local\Programs\Python\Python311
  C:\Users\Admin\PycharmProjects\pythonProject\Automation\venv
  C:\Users\Admin\PycharmProjects\pythonProject\Automation\venv\Lib\site-packages</msg>
</errors>
</robot>
