<?xml version="1.0" encoding="UTF-8"?>
<robot generator="Robot 6.1.1 (Python 3.11.4 on win32)" generated="20240417 10:56:35.749" rpa="false" schemaversion="4">
<suite id="s1" name="Testcase" source="C:\Users\Admin\PycharmProjects\pythonProject\Automation\Testcase">
<suite id="s1-s1" name="Navigate" source="C:\Users\Admin\PycharmProjects\pythonProject\Automation\Testcase\navigate.robot">
<test id="s1-s1-t1" name="navigatetobrowser" line="5">
<kw name="Open Browser" library="SeleniumLibrary">
<arg>https://www.google.com/</arg>
<arg>chrome</arg>
<doc>Opens a new browser instance to the optional ``url``.</doc>
<msg timestamp="20240417 10:56:36.778" level="INFO">Opening browser 'chrome' to base url 'https://www.google.com/'.</msg>
<status status="PASS" starttime="20240417 10:56:36.775" endtime="20240417 10:56:59.506"/>
</kw>
<kw name="Maximize Browser Window" library="SeleniumLibrary">
<doc>Maximizes current browser window.</doc>
<status status="PASS" starttime="20240417 10:56:59.507" endtime="20240417 10:57:00.149"/>
</kw>
<kw name="Get Location" library="SeleniumLibrary">
<var>${nav}</var>
<doc>Returns the current browser window URL.</doc>
<msg timestamp="20240417 10:57:00.227" level="INFO">${nav} = https://www.google.com/</msg>
<status status="PASS" starttime="20240417 10:57:00.149" endtime="20240417 10:57:00.227"/>
</kw>
<kw name="Log To Console" library="BuiltIn">
<arg>${nav}</arg>
<doc>Logs the given message to the console.</doc>
<status status="PASS" starttime="20240417 10:57:00.227" endtime="20240417 10:57:00.228"/>
</kw>
<kw name="Sleep" library="BuiltIn">
<arg>5</arg>
<doc>Pauses the test executed for the given time.</doc>
<msg timestamp="20240417 10:57:05.230" level="INFO">Slept 5 seconds</msg>
<status status="PASS" starttime="20240417 10:57:00.228" endtime="20240417 10:57:05.230"/>
</kw>
<kw name="Go To" library="SeleniumLibrary">
<arg>https://www.microsoft.com/</arg>
<doc>Navigates the current browser window to the provided ``url``.</doc>
<msg timestamp="20240417 10:57:05.231" level="INFO">Opening url 'https://www.microsoft.com/'</msg>
<status status="PASS" starttime="20240417 10:57:05.230" endtime="20240417 10:57:42.455"/>
</kw>
<kw name="Get Location" library="SeleniumLibrary">
<var>${nav}</var>
<doc>Returns the current browser window URL.</doc>
<msg timestamp="20240417 10:57:42.836" level="INFO">${nav} = https://www.microsoft.com/en-in/</msg>
<status status="PASS" starttime="20240417 10:57:42.455" endtime="20240417 10:57:42.836"/>
</kw>
<kw name="Log To Console" library="BuiltIn">
<arg>${nav}</arg>
<doc>Logs the given message to the console.</doc>
<status status="PASS" starttime="20240417 10:57:42.836" endtime="20240417 10:57:42.836"/>
</kw>
<kw name="Sleep" library="BuiltIn">
<arg>5</arg>
<doc>Pauses the test executed for the given time.</doc>
<msg timestamp="20240417 10:57:47.838" level="INFO">Slept 5 seconds</msg>
<status status="PASS" starttime="20240417 10:57:42.836" endtime="20240417 10:57:47.838"/>
</kw>
<kw name="Go Back" library="SeleniumLibrary">
<doc>Simulates the user clicking the back button on their browser.</doc>
<status status="PASS" starttime="20240417 10:57:47.838" endtime="20240417 10:57:48.038"/>
</kw>
<kw name="Get Location" library="SeleniumLibrary">
<var>${nav}</var>
<doc>Returns the current browser window URL.</doc>
<msg timestamp="20240417 10:57:48.137" level="INFO">${nav} = https://www.google.com/</msg>
<status status="PASS" starttime="20240417 10:57:48.039" endtime="20240417 10:57:48.137"/>
</kw>
<kw name="Log To Console" library="BuiltIn">
<arg>${nav}</arg>
<doc>Logs the given message to the console.</doc>
<status status="PASS" starttime="20240417 10:57:48.137" endtime="20240417 10:57:48.139"/>
</kw>
<kw name="Sleep" library="BuiltIn">
<arg>5</arg>
<doc>Pauses the test executed for the given time.</doc>
<msg timestamp="20240417 10:57:53.144" level="INFO">Slept 5 seconds</msg>
<status status="PASS" starttime="20240417 10:57:48.141" endtime="20240417 10:57:53.146"/>
</kw>
<status status="PASS" starttime="20240417 10:56:36.766" endtime="20240417 10:57:53.146"/>
</test>
<status status="PASS" starttime="20240417 10:56:35.829" endtime="20240417 10:57:53.149"/>
</suite>
<status status="PASS" starttime="20240417 10:56:35.760" endtime="20240417 10:57:53.164"/>
</suite>
<statistics>
<total>
<stat pass="1" fail="0" skip="0">All Tests</stat>
</total>
<tag>
</tag>
<suite>
<stat pass="1" fail="0" skip="0" id="s1" name="Testcase">Testcase</stat>
<stat pass="1" fail="0" skip="0" id="s1-s1" name="Navigate">Testcase.Navigate</stat>
</suite>
</statistics>
<errors>
<msg timestamp="20240417 10:56:35.756" level="ERROR">Taking listener 'RobotStackTracer' into use failed: Importing listener 'RobotStackTracer' failed: ModuleNotFoundError: No module named 'RobotStackTracer'
Traceback (most recent call last):
  None
PYTHONPATH:
  C:\Users\Admin\PycharmProjects\pythonProject\Automation\venv\Scripts\robot.exe
  C:\Users\Admin\AppData\Local\Programs\Python\Python311\python311.zip
  C:\Users\Admin\AppData\Local\Programs\Python\Python311\DLLs
  C:\Users\Admin\AppData\Local\Programs\Python\Python311\Lib
  C:\Users\Admin\AppData\Local\Programs\Python\Python311
  C:\Users\Admin\PycharmProjects\pythonProject\Automation\venv
  C:\Users\Admin\PycharmProjects\pythonProject\Automation\venv\Lib\site-packages</msg>
</errors>
</robot>
